<?xml version="1.0" encoding="UTF-8"?>
<!-- Generated by org.testng.reporters.JUnitReportReporter -->
<testsuite hostname="AR3319619W1" failures="0" tests="1" name="tests.LoginFactory" time="20.428" errors="0" timestamp="2023-01-11T15:19:02 ART" skipped="0">
  <testcase classname="tests.LoginFactory" name="loginTestPageFactory" time="20.428"/>
  <system-out/>
</testsuite> <!-- tests.LoginFactory -->
