<?xml version="1.0" encoding="UTF-8"?>
<!-- Generated by org.testng.reporters.JUnitReportReporter -->
<testsuite hostname="AR3319619W1" failures="0" tests="1" name="tests.Expedia" time="7.058" errors="0" timestamp="2023-01-10T11:06:45 ART" skipped="0">
  <testcase classname="tests.Expedia" name="hotelReservation" time="7.058"/>
  <system-out/>
</testsuite> <!-- tests.Expedia -->
